2024-07-11 12:13:36,061 : INFO : test_RunScenario : Get the Product details
2024-07-11 12:13:41,534 : INFO : test_RunScenario : User is all set to checkout the product
2024-07-11 12:13:41,710 : INFO : test_RunScenario : ×
Success! Thank you! Your order will be delivered in next few weeks :-).
2024-07-11 12:13:47,210 : INFO : test_Signin : Username/ Password and email has been sent
2024-07-11 12:13:47,440 : INFO : test_Signin : ×
Success! The Form has been submitted successfully!.
2024-07-11 12:44:26,479 : INFO : test_RunScenario : Get the Product details
2024-07-11 12:44:31,862 : INFO : test_RunScenario : User is all set to checkout the product
2024-07-11 12:44:31,994 : INFO : test_RunScenario : ×
Success! Thank you! Your order will be delivered in next few weeks :-).
2024-07-11 12:44:35,887 : INFO : test_Signin : Username/ Password and email has been sent
2024-07-11 12:47:27,119 : INFO : test_RunScenario : Get the Product details
2024-07-11 12:47:32,509 : INFO : test_RunScenario : User is all set to checkout the product
2024-07-11 12:47:32,593 : INFO : test_RunScenario : ×
Success! Thank you! Your order will be delivered in next few weeks :-).
2024-07-11 12:47:37,128 : INFO : test_Signin : Username/ Password and email has been sent
2024-07-11 12:47:37,510 : INFO : test_Signin : ×
Success! The Form has been submitted successfully!.
2024-07-18 13:21:03,246 : INFO : test_RunScenario : Get the Product details
2024-07-18 13:21:08,689 : INFO : test_RunScenario : User is all set to checkout the product
2024-07-18 13:21:08,791 : INFO : test_RunScenario : ×
Success! Thank you! Your order will be delivered in next few weeks :-).
2024-07-18 13:21:13,214 : INFO : test_Signin : Username/ Password and email has been sent
2024-07-18 13:21:13,731 : INFO : test_Signin : ×
Success! The Form has been submitted successfully!.
2024-07-18 13:25:39,714 : INFO : test_RunScenario : Get the Product details
2024-07-18 13:25:45,137 : INFO : test_RunScenario : User is all set to checkout the product
2024-07-18 13:25:45,234 : INFO : test_RunScenario : ×
Success! Thank you! Your order will be delivered in next few weeks :-).
2024-07-18 13:25:49,447 : INFO : test_Signin : Username/ Password and email has been sent
2024-07-18 13:25:49,658 : INFO : test_Signin : ×
Success! The Form has been submitted successfully!.
2024-07-19 11:27:37,540 : INFO : test_RunScenario : Get the Product details
2024-07-19 11:27:43,537 : INFO : test_RunScenario : User is all set to checkout the product
2024-07-19 11:27:43,753 : INFO : test_RunScenario : ×
Success! Thank you! Your order will be delivered in next few weeks :-).
2024-07-19 11:27:53,284 : INFO : test_Signin : Username/ Password and email has been sent
2024-07-19 11:27:54,038 : INFO : test_Signin : ×
Success! The Form has been submitted successfully!.
2024-07-19 11:30:21,807 : INFO : test_RunScenario : Get the Product details
2024-07-19 11:30:27,697 : INFO : test_RunScenario : User is all set to checkout the product
2024-07-19 11:30:27,884 : INFO : test_RunScenario : ×
Success! Thank you! Your order will be delivered in next few weeks :-).
2024-07-19 11:30:39,196 : INFO : test_Signin : Username/ Password and email has been sent
2024-07-19 11:30:39,494 : INFO : test_Signin : ×
Success! The Form has been submitted successfully!.
2024-07-19 11:47:54,461 : INFO : test_RunScenario : Get the Product details
2024-07-19 11:47:59,984 : INFO : test_RunScenario : User is all set to checkout the product
2024-07-19 11:48:00,131 : INFO : test_RunScenario : ×
Success! Thank you! Your order will be delivered in next few weeks :-).
2024-07-19 11:48:06,299 : INFO : test_Signin : Username/ Password and email has been sent
2024-07-19 11:48:06,518 : INFO : test_Signin : ×
Success! The Form has been submitted successfully!.
2024-07-19 11:52:43,082 : INFO : test_RunScenario : Get the Product details
2024-07-19 11:52:48,593 : INFO : test_RunScenario : User is all set to checkout the product
2024-07-19 11:52:48,777 : INFO : test_RunScenario : ×
Success! Thank you! Your order will be delivered in next few weeks :-).
2024-07-19 11:52:54,119 : INFO : test_Signin : Username/ Password and email has been sent
2024-07-19 11:52:54,315 : INFO : test_Signin : ×
Success! The Form has been submitted successfully!.
2024-07-19 11:55:21,631 : INFO : test_RunScenario : Get the Product details
2024-07-19 11:55:27,166 : INFO : test_RunScenario : User is all set to checkout the product
2024-07-19 11:55:27,365 : INFO : test_RunScenario : ×
Success! Thank you! Your order will be delivered in next few weeks :-).
2024-07-19 11:55:37,000 : INFO : test_Signin : Username/ Password and email has been sent
2024-07-19 11:55:37,322 : INFO : test_Signin : ×
Success! The Form has been submitted successfully!.
